1711255045.108696 client started (65935): version 3.4, socket /private/tmp/tmux-501/default, protocol 8
1711255045.108756 on Darwin 20.6.0 Darwin Kernel Version 20.6.0: Thu Jul  6 22:12:47 PDT 2023; root:xnu-7195.141.49.702.12~1/RELEASE_X86_64
1711255045.108772 using libevent 2.1.12-stable select
1711255045.108787 using utf8proc 2.9.0
1711255045.108796 using ncurses 6.4 20221231
1711255045.108839 flags are 0x10010000
1711255045.108852 socket is /private/tmp/tmux-501/default
1711255045.108874 trying connect
1711255045.108976 add peer 0x7f843e531000: 6 (0x0)
1711255045.112110 sending message 100 to peer 0x7f843e531000 (4 bytes)
1711255045.112146 sending message 111 to peer 0x7f843e531000 (8 bytes)
1711255045.112157 sending message 101 to peer 0x7f843e531000 (6 bytes)
1711255045.112167 sending message 109 to peer 0x7f843e531000 (4 bytes)
1711255045.112176 sending message 102 to peer 0x7f843e531000 (13 bytes)
1711255045.112184 sending message 108 to peer 0x7f843e531000 (33 bytes)
1711255045.112193 sending message 112 to peer 0x7f843e531000 (58 bytes)
1711255045.112201 sending message 112 to peer 0x7f843e531000 (5 bytes)
1711255045.112214 sending message 112 to peer 0x7f843e531000 (5 bytes)
1711255045.112223 sending message 112 to peer 0x7f843e531000 (6 bytes)
1711255045.112232 sending message 112 to peer 0x7f843e531000 (6 bytes)
1711255045.112241 sending message 112 to peer 0x7f843e531000 (11 bytes)
1711255045.112249 sending message 112 to peer 0x7f843e531000 (10 bytes)
1711255045.112257 sending message 112 to peer 0x7f843e531000 (13 bytes)
1711255045.112265 sending message 112 to peer 0x7f843e531000 (14 bytes)
1711255045.112274 sending message 112 to peer 0x7f843e531000 (19 bytes)
1711255045.112282 sending message 112 to peer 0x7f843e531000 (9 bytes)
1711255045.112291 sending message 112 to peer 0x7f843e531000 (10 bytes)
1711255045.112299 sending message 112 to peer 0x7f843e531000 (15 bytes)
1711255045.112307 sending message 112 to peer 0x7f843e531000 (21 bytes)
1711255045.112315 sending message 112 to peer 0x7f843e531000 (13 bytes)
1711255045.112324 sending message 112 to peer 0x7f843e531000 (7 bytes)
1711255045.112332 sending message 112 to peer 0x7f843e531000 (13 bytes)
1711255045.112340 sending message 112 to peer 0x7f843e531000 (7 bytes)
1711255045.112348 sending message 112 to peer 0x7f843e531000 (13 bytes)
1711255045.112356 sending message 112 to peer 0x7f843e531000 (9 bytes)
1711255045.112367 sending message 112 to peer 0x7f843e531000 (21 bytes)
1711255045.112376 sending message 112 to peer 0x7f843e531000 (13 bytes)
1711255045.112384 sending message 112 to peer 0x7f843e531000 (9 bytes)
1711255045.112392 sending message 112 to peer 0x7f843e531000 (16 bytes)
1711255045.112400 sending message 112 to peer 0x7f843e531000 (13 bytes)
1711255045.112408 sending message 112 to peer 0x7f843e531000 (9 bytes)
1711255045.112417 sending message 112 to peer 0x7f843e531000 (9 bytes)
1711255045.112425 sending message 112 to peer 0x7f843e531000 (12 bytes)
1711255045.112433 sending message 112 to peer 0x7f843e531000 (8 bytes)
1711255045.112441 sending message 112 to peer 0x7f843e531000 (8 bytes)
1711255045.112449 sending message 112 to peer 0x7f843e531000 (13 bytes)
1711255045.112457 sending message 112 to peer 0x7f843e531000 (7 bytes)
1711255045.112466 sending message 112 to peer 0x7f843e531000 (7 bytes)
1711255045.112474 sending message 112 to peer 0x7f843e531000 (9 bytes)
1711255045.112482 sending message 112 to peer 0x7f843e531000 (9 bytes)
1711255045.112490 sending message 112 to peer 0x7f843e531000 (15 bytes)
1711255045.112498 sending message 112 to peer 0x7f843e531000 (13 bytes)
1711255045.112507 sending message 112 to peer 0x7f843e531000 (12 bytes)
1711255045.112515 sending message 112 to peer 0x7f843e531000 (8 bytes)
1711255045.112525 sending message 112 to peer 0x7f843e531000 (14 bytes)
1711255045.112534 sending message 112 to peer 0x7f843e531000 (11 bytes)
1711255045.112542 sending message 112 to peer 0x7f843e531000 (9 bytes)
1711255045.112551 sending message 112 to peer 0x7f843e531000 (10 bytes)
1711255045.112559 sending message 112 to peer 0x7f843e531000 (10 bytes)
1711255045.112583 sending message 112 to peer 0x7f843e531000 (10 bytes)
1711255045.112589 sending message 112 to peer 0x7f843e531000 (10 bytes)
1711255045.112595 sending message 112 to peer 0x7f843e531000 (11 bytes)
1711255045.112600 sending message 112 to peer 0x7f843e531000 (12 bytes)
1711255045.112606 sending message 112 to peer 0x7f843e531000 (12 bytes)
1711255045.112611 sending message 112 to peer 0x7f843e531000 (12 bytes)
1711255045.112617 sending message 112 to peer 0x7f843e531000 (12 bytes)
1711255045.112622 sending message 112 to peer 0x7f843e531000 (12 bytes)
1711255045.112627 sending message 112 to peer 0x7f843e531000 (11 bytes)
1711255045.112633 sending message 112 to peer 0x7f843e531000 (11 bytes)
1711255045.112638 sending message 112 to peer 0x7f843e531000 (12 bytes)
1711255045.112644 sending message 112 to peer 0x7f843e531000 (12 bytes)
1711255045.112649 sending message 112 to peer 0x7f843e531000 (12 bytes)
1711255045.112657 sending message 112 to peer 0x7f843e531000 (12 bytes)
1711255045.112663 sending message 112 to peer 0x7f843e531000 (12 bytes)
1711255045.112668 sending message 112 to peer 0x7f843e531000 (9 bytes)
1711255045.112673 sending message 112 to peer 0x7f843e531000 (12 bytes)
1711255045.112679 sending message 112 to peer 0x7f843e531000 (13 bytes)
1711255045.112684 sending message 112 to peer 0x7f843e531000 (13 bytes)
1711255045.112690 sending message 112 to peer 0x7f843e531000 (13 bytes)
1711255045.112695 sending message 112 to peer 0x7f843e531000 (13 bytes)
1711255045.112701 sending message 112 to peer 0x7f843e531000 (13 bytes)
1711255045.112706 sending message 112 to peer 0x7f843e531000 (8 bytes)
1711255045.112711 sending message 112 to peer 0x7f843e531000 (11 bytes)
1711255045.112717 sending message 112 to peer 0x7f843e531000 (11 bytes)
1711255045.112722 sending message 112 to peer 0x7f843e531000 (11 bytes)
1711255045.112727 sending message 112 to peer 0x7f843e531000 (12 bytes)
1711255045.112733 sending message 112 to peer 0x7f843e531000 (12 bytes)
1711255045.112738 sending message 112 to peer 0x7f843e531000 (12 bytes)
1711255045.112744 sending message 112 to peer 0x7f843e531000 (12 bytes)
1711255045.112749 sending message 112 to peer 0x7f843e531000 (13 bytes)
1711255045.112757 sending message 112 to peer 0x7f843e531000 (13 bytes)
1711255045.112763 sending message 112 to peer 0x7f843e531000 (13 bytes)
1711255045.112768 sending message 112 to peer 0x7f843e531000 (8 bytes)
1711255045.112773 sending message 112 to peer 0x7f843e531000 (13 bytes)
1711255045.112779 sending message 112 to peer 0x7f843e531000 (13 bytes)
1711255045.112784 sending message 112 to peer 0x7f843e531000 (13 bytes)
1711255045.112790 sending message 112 to peer 0x7f843e531000 (13 bytes)
1711255045.112795 sending message 112 to peer 0x7f843e531000 (13 bytes)
1711255045.112800 sending message 112 to peer 0x7f843e531000 (12 bytes)
1711255045.112806 sending message 112 to peer 0x7f843e531000 (12 bytes)
1711255045.112811 sending message 112 to peer 0x7f843e531000 (12 bytes)
1711255045.112817 sending message 112 to peer 0x7f843e531000 (12 bytes)
1711255045.112822 sending message 112 to peer 0x7f843e531000 (13 bytes)
1711255045.112827 sending message 112 to peer 0x7f843e531000 (8 bytes)
1711255045.112833 sending message 112 to peer 0x7f843e531000 (13 bytes)
1711255045.112838 sending message 112 to peer 0x7f843e531000 (13 bytes)
1711255045.112844 sending message 112 to peer 0x7f843e531000 (13 bytes)
1711255045.112849 sending message 112 to peer 0x7f843e531000 (13 bytes)
1711255045.112856 sending message 112 to peer 0x7f843e531000 (13 bytes)
1711255045.112862 sending message 112 to peer 0x7f843e531000 (13 bytes)
1711255045.112868 sending message 112 to peer 0x7f843e531000 (13 bytes)
1711255045.112873 sending message 112 to peer 0x7f843e531000 (12 bytes)
1711255045.112879 sending message 112 to peer 0x7f843e531000 (12 bytes)
1711255045.112884 sending message 112 to peer 0x7f843e531000 (12 bytes)
1711255045.112889 sending message 112 to peer 0x7f843e531000 (8 bytes)
1711255045.112895 sending message 112 to peer 0x7f843e531000 (12 bytes)
1711255045.112913 sending message 112 to peer 0x7f843e531000 (13 bytes)
1711255045.112919 sending message 112 to peer 0x7f843e531000 (13 bytes)
1711255045.112924 sending message 112 to peer 0x7f843e531000 (13 bytes)
1711255045.112930 sending message 112 to peer 0x7f843e531000 (13 bytes)
1711255045.112935 sending message 112 to peer 0x7f843e531000 (13 bytes)
1711255045.112940 sending message 112 to peer 0x7f843e531000 (13 bytes)
1711255045.112946 sending message 112 to peer 0x7f843e531000 (13 bytes)
1711255045.112951 sending message 112 to peer 0x7f843e531000 (13 bytes)
1711255045.112956 sending message 112 to peer 0x7f843e531000 (12 bytes)
1711255045.112962 sending message 112 to peer 0x7f843e531000 (10 bytes)
1711255045.112967 sending message 112 to peer 0x7f843e531000 (12 bytes)
1711255045.112975 sending message 112 to peer 0x7f843e531000 (12 bytes)
1711255045.112981 sending message 112 to peer 0x7f843e531000 (12 bytes)
1711255045.112986 sending message 112 to peer 0x7f843e531000 (13 bytes)
1711255045.112992 sending message 112 to peer 0x7f843e531000 (13 bytes)
1711255045.112997 sending message 112 to peer 0x7f843e531000 (13 bytes)
1711255045.113003 sending message 112 to peer 0x7f843e531000 (13 bytes)
1711255045.113008 sending message 112 to peer 0x7f843e531000 (13 bytes)
1711255045.113013 sending message 112 to peer 0x7f843e531000 (13 bytes)
1711255045.113019 sending message 112 to peer 0x7f843e531000 (13 bytes)
1711255045.113024 sending message 112 to peer 0x7f843e531000 (10 bytes)
1711255045.113030 sending message 112 to peer 0x7f843e531000 (13 bytes)
1711255045.113035 sending message 112 to peer 0x7f843e531000 (12 bytes)
1711255045.113040 sending message 112 to peer 0x7f843e531000 (12 bytes)
1711255045.113046 sending message 112 to peer 0x7f843e531000 (12 bytes)
1711255045.113051 sending message 112 to peer 0x7f843e531000 (10 bytes)
1711255045.113057 sending message 112 to peer 0x7f843e531000 (10 bytes)
1711255045.113062 sending message 112 to peer 0x7f843e531000 (10 bytes)
1711255045.113067 sending message 112 to peer 0x7f843e531000 (12 bytes)
1711255045.113075 sending message 112 to peer 0x7f843e531000 (13 bytes)
1711255045.113081 sending message 112 to peer 0x7f843e531000 (13 bytes)
1711255045.113087 sending message 112 to peer 0x7f843e531000 (13 bytes)
1711255045.113092 sending message 112 to peer 0x7f843e531000 (13 bytes)
1711255045.113097 sending message 112 to peer 0x7f843e531000 (13 bytes)
1711255045.113103 sending message 112 to peer 0x7f843e531000 (10 bytes)
1711255045.113108 sending message 112 to peer 0x7f843e531000 (11 bytes)
1711255045.113114 sending message 112 to peer 0x7f843e531000 (12 bytes)
1711255045.113119 sending message 112 to peer 0x7f843e531000 (12 bytes)
1711255045.113124 sending message 112 to peer 0x7f843e531000 (12 bytes)
1711255045.113130 sending message 112 to peer 0x7f843e531000 (12 bytes)
1711255045.113135 sending message 112 to peer 0x7f843e531000 (12 bytes)
1711255045.113151 sending message 112 to peer 0x7f843e531000 (11 bytes)
1711255045.113156 sending message 112 to peer 0x7f843e531000 (12 bytes)
1711255045.113161 sending message 112 to peer 0x7f843e531000 (12 bytes)
1711255045.113166 sending message 112 to peer 0x7f843e531000 (13 bytes)
1711255045.113170 sending message 112 to peer 0x7f843e531000 (13 bytes)
1711255045.113175 sending message 112 to peer 0x7f843e531000 (13 bytes)
1711255045.113182 sending message 112 to peer 0x7f843e531000 (13 bytes)
1711255045.113188 sending message 112 to peer 0x7f843e531000 (13 bytes)
1711255045.113193 sending message 112 to peer 0x7f843e531000 (10 bytes)
1711255045.113198 sending message 112 to peer 0x7f843e531000 (9 bytes)
1711255045.113203 sending message 112 to peer 0x7f843e531000 (12 bytes)
1711255045.113208 sending message 112 to peer 0x7f843e531000 (13 bytes)
1711255045.113212 sending message 112 to peer 0x7f843e531000 (13 bytes)
1711255045.113217 sending message 112 to peer 0x7f843e531000 (13 bytes)
1711255045.113222 sending message 112 to peer 0x7f843e531000 (13 bytes)
1711255045.113227 sending message 112 to peer 0x7f843e531000 (13 bytes)
1711255045.113243 sending message 112 to peer 0x7f843e531000 (9 bytes)
1711255045.113248 sending message 112 to peer 0x7f843e531000 (12 bytes)
1711255045.113253 sending message 112 to peer 0x7f843e531000 (13 bytes)
1711255045.113258 sending message 112 to peer 0x7f843e531000 (13 bytes)
1711255045.113263 sending message 112 to peer 0x7f843e531000 (13 bytes)
1711255045.113267 sending message 112 to peer 0x7f843e531000 (13 bytes)
1711255045.113272 sending message 112 to peer 0x7f843e531000 (13 bytes)
1711255045.113277 sending message 112 to peer 0x7f843e531000 (11 bytes)
1711255045.113282 sending message 112 to peer 0x7f843e531000 (12 bytes)
1711255045.113289 sending message 112 to peer 0x7f843e531000 (13 bytes)
1711255045.113295 sending message 112 to peer 0x7f843e531000 (13 bytes)
1711255045.113300 sending message 112 to peer 0x7f843e531000 (13 bytes)
1711255045.113305 sending message 112 to peer 0x7f843e531000 (13 bytes)
1711255045.113309 sending message 112 to peer 0x7f843e531000 (13 bytes)
1711255045.113314 sending message 112 to peer 0x7f843e531000 (11 bytes)
1711255045.113319 sending message 112 to peer 0x7f843e531000 (12 bytes)
1711255045.113324 sending message 112 to peer 0x7f843e531000 (12 bytes)
1711255045.113329 sending message 112 to peer 0x7f843e531000 (12 bytes)
1711255045.113334 sending message 112 to peer 0x7f843e531000 (12 bytes)
1711255045.113339 sending message 112 to peer 0x7f843e531000 (12 bytes)
1711255045.113344 sending message 112 to peer 0x7f843e531000 (21 bytes)
1711255045.113349 sending message 112 to peer 0x7f843e531000 (12 bytes)
1711255045.113353 sending message 112 to peer 0x7f843e531000 (9 bytes)
1711255045.113358 sending message 112 to peer 0x7f843e531000 (6 bytes)
1711255045.113363 sending message 112 to peer 0x7f843e531000 (13 bytes)
1711255045.113368 sending message 112 to peer 0x7f843e531000 (10 bytes)
1711255045.113373 sending message 112 to peer 0x7f843e531000 (24 bytes)
1711255045.113380 sending message 112 to peer 0x7f843e531000 (13 bytes)
1711255045.113385 sending message 112 to peer 0x7f843e531000 (9 bytes)
1711255045.113390 sending message 112 to peer 0x7f843e531000 (16 bytes)
1711255045.113395 sending message 112 to peer 0x7f843e531000 (16 bytes)
1711255045.113400 sending message 112 to peer 0x7f843e531000 (12 bytes)
1711255045.113405 sending message 112 to peer 0x7f843e531000 (10 bytes)
1711255045.113410 sending message 112 to peer 0x7f843e531000 (10 bytes)
1711255045.113415 sending message 112 to peer 0x7f843e531000 (24 bytes)
1711255045.113420 sending message 112 to peer 0x7f843e531000 (13 bytes)
1711255045.113425 sending message 112 to peer 0x7f843e531000 (10 bytes)
1711255045.113429 sending message 112 to peer 0x7f843e531000 (10 bytes)
1711255045.113434 sending message 112 to peer 0x7f843e531000 (10 bytes)
1711255045.113439 sending message 112 to peer 0x7f843e531000 (13 bytes)
1711255045.113444 sending message 112 to peer 0x7f843e531000 (15 bytes)
1711255045.113449 sending message 112 to peer 0x7f843e531000 (5 bytes)
1711255045.113465 sending message 104 to peer 0x7f843e531000 (0 bytes)
1711255045.113471 sending message 110 to peer 0x7f843e531000 (0 bytes)
1711255045.113476 sending message 107 to peer 0x7f843e531000 (4 bytes)
1711255045.113483 sending message 105 to peer 0x7f843e531000 (15 bytes)
1711255045.113489 sending message 105 to peer 0x7f843e531000 (20 bytes)
1711255045.113494 sending message 105 to peer 0x7f843e531000 (22 bytes)
1711255045.113499 sending message 105 to peer 0x7f843e531000 (75 bytes)
1711255045.113504 sending message 105 to peer 0x7f843e531000 (32 bytes)
1711255045.113509 sending message 105 to peer 0x7f843e531000 (11 bytes)
1711255045.113514 sending message 105 to peer 0x7f843e531000 (26 bytes)
1711255045.113519 sending message 105 to peer 0x7f843e531000 (20 bytes)
1711255045.113524 sending message 105 to peer 0x7f843e531000 (30 bytes)
1711255045.113529 sending message 105 to peer 0x7f843e531000 (61 bytes)
1711255045.113534 sending message 105 to peer 0x7f843e531000 (15 bytes)
1711255045.113539 sending message 105 to peer 0x7f843e531000 (19 bytes)
1711255045.113555 sending message 105 to peer 0x7f843e531000 (27 bytes)
1711255045.113560 sending message 105 to peer 0x7f843e531000 (16 bytes)
1711255045.113565 sending message 105 to peer 0x7f843e531000 (54 bytes)
1711255045.113570 sending message 105 to peer 0x7f843e531000 (22 bytes)
1711255045.113575 sending message 105 to peer 0x7f843e531000 (971 bytes)
1711255045.113583 sending message 105 to peer 0x7f843e531000 (37 bytes)
1711255045.113588 sending message 105 to peer 0x7f843e531000 (24 bytes)
1711255045.113593 sending message 105 to peer 0x7f843e531000 (15 bytes)
1711255045.113598 sending message 105 to peer 0x7f843e531000 (8 bytes)
1711255045.113603 sending message 105 to peer 0x7f843e531000 (66 bytes)
1711255045.113608 sending message 105 to peer 0x7f843e531000 (11 bytes)
1711255045.113613 sending message 105 to peer 0x7f843e531000 (18 bytes)
1711255045.113618 sending message 105 to peer 0x7f843e531000 (25 bytes)
1711255045.113623 sending message 105 to peer 0x7f843e531000 (60 bytes)
1711255045.113628 sending message 105 to peer 0x7f843e531000 (57 bytes)
1711255045.113633 sending message 105 to peer 0x7f843e531000 (43 bytes)
1711255045.113638 sending message 105 to peer 0x7f843e531000 (14 bytes)
1711255045.113643 sending message 105 to peer 0x7f843e531000 (13 bytes)
1711255045.113648 sending message 105 to peer 0x7f843e531000 (35 bytes)
1711255045.113653 sending message 105 to peer 0x7f843e531000 (14 bytes)
1711255045.113660 sending message 105 to peer 0x7f843e531000 (19 bytes)
1711255045.113666 sending message 105 to peer 0x7f843e531000 (43 bytes)
1711255045.113671 sending message 105 to peer 0x7f843e531000 (33 bytes)
1711255045.113676 sending message 105 to peer 0x7f843e531000 (32 bytes)
1711255045.113681 sending message 105 to peer 0x7f843e531000 (16 bytes)
1711255045.113686 sending message 105 to peer 0x7f843e531000 (22 bytes)
1711255045.113691 sending message 106 to peer 0x7f843e531000 (0 bytes)
1711255045.113821 sending message 200 to peer 0x7f843e531000 (4 bytes)
1711255045.113829 client loop enter
1711255045.114343 peer 0x7f843e531000 message 303
1711255045.114364 open write file 2 -
1711255045.114390 sending message 305 to peer 0x7f843e531000 (8 bytes)
1711255045.114417 write check file 2
1711255045.114528 peer 0x7f843e531000 message 304
1711255045.114543 write 58 to file 2
1711255045.114569 peer 0x7f843e531000 message 203
1711255045.114577 file 2 58 bytes left
1711255045.114613 write check file 2
1711255045.114620 client loop exit
